[debug] [2024-01-31T19:24:58.575Z] ----------------------------------------------------------------------
[debug] [2024-01-31T19:24:58.578Z] Command:       C:\Program Files\nodejs\node.exe C:\Users\swartwba\AppData\Roaming\npm\node_modules\firebase-tools\lib\bin\firebase.js init
[debug] [2024-01-31T19:24:58.578Z] CLI Version:   13.1.0
[debug] [2024-01-31T19:24:58.578Z] Platform:      win32
[debug] [2024-01-31T19:24:58.579Z] Node Version:  v20.5.1
[debug] [2024-01-31T19:24:58.579Z] Time:          Wed Jan 31 2024 14:24:58 GMT-0500 (Eastern Standard Time)
[debug] [2024-01-31T19:24:58.579Z] ----------------------------------------------------------------------
[debug] 
[debug] [2024-01-31T19:24:58.582Z] >>> [apiv2][query] GET https://firebase-public.firebaseio.com/cli.json [none]
[debug] [2024-01-31T19:24:58.638Z] > command requires scopes: ["email","openid","https://www.googleapis.com/auth/cloudplatformprojects.readonly","https://www.googleapis.com/auth/firebase","https://www.googleapis.com/auth/cloud-platform"]
[debug] [2024-01-31T19:24:58.639Z] > authorizing via signed-in user (blaise.swartwood@gmail.com)
[info] 
     ######## #### ########  ######## ########     ###     ######  ########
     ##        ##  ##     ## ##       ##     ##  ##   ##  ##       ##
     ######    ##  ########  ######   ########  #########  ######  ######
     ##        ##  ##    ##  ##       ##     ## ##     ##       ## ##
     ##       #### ##     ## ######## ########  ##     ##  ######  ########

You're about to initialize a Firebase project in this directory:

  C:\Users\swartwba\OneDrive - Rose-Hulman Institute of Technology\Desktop\personal_portfolio

[debug] [2024-01-31T19:24:58.766Z] <<< [apiv2][status] GET https://firebase-public.firebaseio.com/cli.json 200
[debug] [2024-01-31T19:24:58.767Z] <<< [apiv2][body] GET https://firebase-public.firebaseio.com/cli.json {"cloudBuildErrorAfter":1594252800000,"cloudBuildWarnAfter":1590019200000,"defaultNode10After":1594252800000,"minVersion":"3.0.5","node8DeploysDisabledAfter":1613390400000,"node8RuntimeDisabledAfter":1615809600000,"node8WarnAfter":1600128000000}
